<?xml version="1.0" encoding="UTF-8"?>
<testng-results skipped="0" failed="0" ignored="0" total="4" passed="4">
  <reporter-output>
  </reporter-output>
  <suite name="Default suite" duration-ms="12370" started-at="2022-02-21T14:54:11Z" finished-at="2022-02-21T14:54:24Z">
    <groups>
    </groups>
    <test name="Default test" duration-ms="12370" started-at="2022-02-21T14:54:11Z" finished-at="2022-02-21T14:54:24Z">
      <class name="test.JPetStoreSetUp">
        <test-method status="PASS" signature="setup()[pri:0, instance:test.JPetStoreSetUp@604ed9f0]" name="setup" is-config="true" duration-ms="8223" started-at="2022-02-21T14:54:11Z" finished-at="2022-02-21T14:54:19Z">
          <reporter-output>
          </reporter-output>
        </test-method> <!-- setup -->
        <test-method status="PASS" signature="loginPage()[pri:0, instance:test.JPetStoreSetUp@604ed9f0]" name="loginPage" duration-ms="1005" started-at="2022-02-21T14:54:19Z" finished-at="2022-02-21T14:54:20Z">
          <reporter-output>
          </reporter-output>
        </test-method> <!-- loginPage -->
        <test-method status="PASS" signature="fishsPage()[pri:1, instance:test.JPetStoreSetUp@604ed9f0]" name="fishsPage" duration-ms="1343" started-at="2022-02-21T14:54:20Z" finished-at="2022-02-21T14:54:22Z">
          <reporter-output>
          </reporter-output>
        </test-method> <!-- fishsPage -->
        <test-method status="PASS" signature="birdspage()[pri:2, instance:test.JPetStoreSetUp@604ed9f0]" name="birdspage" duration-ms="655" started-at="2022-02-21T14:54:22Z" finished-at="2022-02-21T14:54:22Z">
          <reporter-output>
          </reporter-output>
        </test-method> <!-- birdspage -->
        <test-method status="PASS" signature="checkout()[pri:3, instance:test.JPetStoreSetUp@604ed9f0]" name="checkout" duration-ms="1122" started-at="2022-02-21T14:54:22Z" finished-at="2022-02-21T14:54:24Z">
          <reporter-output>
          </reporter-output>
        </test-method> <!-- checkout -->
      </class> <!-- test.JPetStoreSetUp -->
    </test> <!-- Default test -->
  </suite> <!-- Default suite -->
</testng-results>
