<?xml version="1.0" encoding="UTF-8"?>
<!-- Generated by org.testng.reporters.JUnitXMLReporter -->
<testsuite hostname="LP-5CD120NMT2" ignored="0" name="Default test" tests="4" failures="0" timestamp="21 Feb 2022 14:54:24 GMT" time="12.37" errors="0">
  <testcase name="loginPage" time="1.005" classname="test.JPetStoreSetUp"/>
  <testcase name="fishsPage" time="1.343" classname="test.JPetStoreSetUp"/>
  <testcase name="birdspage" time="0.655" classname="test.JPetStoreSetUp"/>
  <testcase name="checkout" time="1.122" classname="test.JPetStoreSetUp"/>
</testsuite> <!-- Default test -->
